<?xml version="1.0" encoding="UTF-8"?>
<robot generator="Robot 6.1.1 (Python 3.11.4 on win32)" generated="20231222 01:00:46.261" rpa="false" schemaversion="4">
<suite id="s1" name="Login-Logout" source="D:\Documents\Kuliah\Semester 7\Testing QA\simple-robot-test\login-logout.robot">
<kw name="Open Browser" library="SeleniumLibrary" type="SETUP">
<arg>https://katalon-demo-cura.herokuapp.com/profile.php#login</arg>
<arg>chrome</arg>
<doc>Opens a new browser instance to the optional ``url``.</doc>
<msg timestamp="20231222 01:00:46.556" level="INFO">Opening browser 'chrome' to base url 'https://katalon-demo-cura.herokuapp.com/profile.php#login'.</msg>
<status status="PASS" starttime="20231222 01:00:46.555" endtime="20231222 01:00:57.148"/>
</kw>
<test id="s1-t1" name="Successful Login and Logout" line="7">
<kw name="Input Text" library="SeleniumLibrary">
<arg>id=txt-username</arg>
<arg>John Doe</arg>
<doc>Types the given ``text`` into the text field identified by ``locator``.</doc>
<msg timestamp="20231222 01:00:57.152" level="INFO">Typing text 'John Doe' into text field 'id=txt-username'.</msg>
<status status="PASS" starttime="20231222 01:00:57.150" endtime="20231222 01:00:57.400"/>
</kw>
<kw name="Input Password" library="SeleniumLibrary">
<arg>id=txt-password</arg>
<arg>ThisIsNotAPassword</arg>
<doc>Types the given password into the text field identified by ``locator``.</doc>
<msg timestamp="20231222 01:00:57.403" level="INFO">Typing password into text field 'id=txt-password'.</msg>
<msg timestamp="20231222 01:00:57.504" level="INFO">Temporally setting log level to: NONE</msg>
<msg timestamp="20231222 01:00:57.642" level="INFO">Log level changed from NONE to INFO.</msg>
<status status="PASS" starttime="20231222 01:00:57.402" endtime="20231222 01:00:57.642"/>
</kw>
<kw name="Capture Page Screenshot" library="SeleniumLibrary">
<arg>Before Login</arg>
<doc>Takes a screenshot of the current page and embeds it into a log file.</doc>
<msg timestamp="20231222 01:00:57.894" level="INFO" html="true">&lt;/td&gt;&lt;/tr&gt;&lt;tr&gt;&lt;td colspan="3"&gt;&lt;a href="Before%20Login"&gt;&lt;img src="Before%20Login" width="800px"&gt;&lt;/a&gt;</msg>
<msg timestamp="20231222 01:00:57.894" level="INFO">C:\Users\Putri\AppData\Local\Programs\Python\Python311\Lib\site-packages\selenium\webdriver\remote\webdriver.py:829: UserWarning: name used for saved screenshot does not match file type. It should end with a `.png` extension
  return self.get_screenshot_as_file(filename)</msg>
<status status="PASS" starttime="20231222 01:00:57.649" endtime="20231222 01:00:57.894"/>
</kw>
<kw name="Click Button" library="SeleniumLibrary">
<arg>id=btn-login</arg>
<doc>Clicks the button identified by ``locator``.</doc>
<msg timestamp="20231222 01:00:57.896" level="INFO">Clicking button 'id=btn-login'.</msg>
<status status="PASS" starttime="20231222 01:00:57.896" endtime="20231222 01:00:59.308"/>
</kw>
<kw name="Capture Page Screenshot" library="SeleniumLibrary">
<arg>After Login</arg>
<doc>Takes a screenshot of the current page and embeds it into a log file.</doc>
<msg timestamp="20231222 01:00:59.751" level="INFO" html="true">&lt;/td&gt;&lt;/tr&gt;&lt;tr&gt;&lt;td colspan="3"&gt;&lt;a href="After%20Login"&gt;&lt;img src="After%20Login" width="800px"&gt;&lt;/a&gt;</msg>
<status status="PASS" starttime="20231222 01:00:59.314" endtime="20231222 01:00:59.751"/>
</kw>
<kw name="Run Keyword And Return Status" library="BuiltIn">
<var>${success}</var>
<arg>Click Link</arg>
<arg>link=Logout</arg>
<doc>Runs the given keyword with given arguments and returns the status as a Boolean value.</doc>
<kw name="Click Link" library="SeleniumLibrary">
<arg>link=Logout</arg>
<doc>Clicks a link identified by ``locator``.</doc>
<msg timestamp="20231222 01:00:59.753" level="INFO">Clicking link 'link=Logout'.</msg>
<msg timestamp="20231222 01:00:59.911" level="INFO" html="true">&lt;/td&gt;&lt;/tr&gt;&lt;tr&gt;&lt;td colspan="3"&gt;&lt;a href="selenium-screenshot-3.png"&gt;&lt;img src="selenium-screenshot-3.png" width="800px"&gt;&lt;/a&gt;</msg>
<msg timestamp="20231222 01:00:59.912" level="FAIL">Link with locator 'link=Logout' not found.</msg>
<status status="FAIL" starttime="20231222 01:00:59.752" endtime="20231222 01:00:59.981"/>
</kw>
<msg timestamp="20231222 01:00:59.981" level="INFO">${success} = False</msg>
<status status="PASS" starttime="20231222 01:00:59.752" endtime="20231222 01:00:59.981"/>
</kw>
<kw name="Capture Page Screenshot" library="SeleniumLibrary">
<arg>After Logout</arg>
<doc>Takes a screenshot of the current page and embeds it into a log file.</doc>
<msg timestamp="20231222 01:01:00.118" level="INFO" html="true">&lt;/td&gt;&lt;/tr&gt;&lt;tr&gt;&lt;td colspan="3"&gt;&lt;a href="After%20Logout"&gt;&lt;img src="After%20Logout" width="800px"&gt;&lt;/a&gt;</msg>
<status status="PASS" starttime="20231222 01:00:59.982" endtime="20231222 01:01:00.118"/>
</kw>
<kw name="Run Keyword And Ignore Error" library="BuiltIn">
<arg>Click Link</arg>
<arg>css=a[href*='profile.php#login']</arg>
<doc>Runs the given keyword with the given arguments and ignores possible error.</doc>
<kw name="Click Link" library="SeleniumLibrary">
<arg>css=a[href*='profile.php#login']</arg>
<doc>Clicks a link identified by ``locator``.</doc>
<msg timestamp="20231222 01:01:00.120" level="INFO">Clicking link 'css=a[href*='profile.php#login']'.</msg>
<msg timestamp="20231222 01:01:00.261" level="INFO" html="true">&lt;/td&gt;&lt;/tr&gt;&lt;tr&gt;&lt;td colspan="3"&gt;&lt;a href="selenium-screenshot-4.png"&gt;&lt;img src="selenium-screenshot-4.png" width="800px"&gt;&lt;/a&gt;</msg>
<msg timestamp="20231222 01:01:00.261" level="FAIL">Link with locator 'css=a[href*='profile.php#login']' not found.</msg>
<status status="FAIL" starttime="20231222 01:01:00.119" endtime="20231222 01:01:00.262"/>
</kw>
<status status="PASS" starttime="20231222 01:01:00.119" endtime="20231222 01:01:00.262"/>
</kw>
<kw name="Log" library="BuiltIn">
<arg>${success}</arg>
<doc>Logs the given message with the given level.</doc>
<msg timestamp="20231222 01:01:00.263" level="INFO">False</msg>
<status status="PASS" starttime="20231222 01:01:00.262" endtime="20231222 01:01:00.263"/>
</kw>
<kw name="Capture Page Screenshot" library="SeleniumLibrary">
<arg>After Failed Login</arg>
<doc>Takes a screenshot of the current page and embeds it into a log file.</doc>
<msg timestamp="20231222 01:01:00.396" level="INFO" html="true">&lt;/td&gt;&lt;/tr&gt;&lt;tr&gt;&lt;td colspan="3"&gt;&lt;a href="After%20Failed%20Login"&gt;&lt;img src="After%20Failed%20Login" width="800px"&gt;&lt;/a&gt;</msg>
<status status="PASS" starttime="20231222 01:01:00.265" endtime="20231222 01:01:00.396"/>
</kw>
<status status="PASS" starttime="20231222 01:00:57.148" endtime="20231222 01:01:00.397"/>
</test>
<kw name="Close All Browsers" library="SeleniumLibrary" type="TEARDOWN">
<doc>Closes all open browsers and resets the browser cache.</doc>
<status status="PASS" starttime="20231222 01:01:00.398" endtime="20231222 01:01:06.721"/>
</kw>
<status status="PASS" starttime="20231222 01:00:46.263" endtime="20231222 01:01:06.721"/>
</suite>
<statistics>
<total>
<stat pass="1" fail="0" skip="0">All Tests</stat>
</total>
<tag>
</tag>
<suite>
<stat pass="1" fail="0" skip="0" id="s1" name="Login-Logout">Login-Logout</stat>
</suite>
</statistics>
<errors>
</errors>
</robot>
